0 info it worked if it ends with ok
1 verbose cli [ '/usr/bin/node', '/usr/bin/npm', 'start' ]
2 info using npm@3.5.2
3 info using node@v8.10.0
4 verbose stack Error: EACCES: permission denied, open '/home/tofu/NTUEE-merge/NTUEE-PLUS/package.json'
5 verbose cwd /home/tofu/NTUEE-merge/NTUEE-PLUS
6 error Linux 4.4.0-17763-Microsoft
7 error argv "/usr/bin/node" "/usr/bin/npm" "start"
8 error node v8.10.0
9 error npm  v3.5.2
10 error path /home/tofu/NTUEE-merge/NTUEE-PLUS/package.json
11 error code EACCES
12 error errno -13
13 error syscall open
14 error Error: EACCES: permission denied, open '/home/tofu/NTUEE-merge/NTUEE-PLUS/package.json'
14 error  { Error: EACCES: permission denied, open '/home/tofu/NTUEE-merge/NTUEE-PLUS/package.json'
14 error   errno: -13,
14 error   code: 'EACCES',
14 error   syscall: 'open',
14 error   path: '/home/tofu/NTUEE-merge/NTUEE-PLUS/package.json' }
15 error Please try running this command again as root/Administrator.
16 verbose exit [ -13, true ]
